# JRE version: Java(TM) SE Runtime Environment (8.0_202-b08) (build 1.8.0_202-b08)
# Java VM: Java HotSpot(TM) 64-Bit Server VM (25.202-b08 mixed mode windows-amd64 compressed oops)
Heap:
 PSYoungGen      total 36864K, used 28903K [0x00000000d6f80000, 0x00000000d9880000, 0x0000000100000000)
  eden space 31744K, 91% used [0x00000000d6f80000,0x00000000d8bb9d20,0x00000000d8e80000)
  from space 5120K, 0% used [0x00000000d8e80000,0x00000000d8e80000,0x00000000d9380000)
  to   space 5120K, 0% used [0x00000000d9380000,0x00000000d9380000,0x00000000d9880000)
 ParOldGen       total 52736K, used 14264K [0x0000000084e00000, 0x0000000088180000, 0x00000000d6f80000)
  object space 52736K, 27% used [0x0000000084e00000,0x0000000085bee2d0,0x0000000088180000)
 Metaspace       used 22050K, capacity 23118K, committed 23296K, reserved 1069056K
  class space    used 3005K, capacity 3240K, committed 3328K, reserved 1048576K
GC Heap History (8 events):
Event: 1.277 GC heap before
{Heap before GC invocations=1 (full 0):
 PSYoungGen      total 36864K, used 31744K [0x00000000d6f80000, 0x00000000d9880000, 0x0000000100000000)
  eden space 31744K, 100% used [0x00000000d6f80000,0x00000000d8e80000,0x00000000d8e80000)
  from space 5120K, 0% used [0x00000000d9380000,0x00000000d9380000,0x00000000d9880000)
  to   space 5120K, 0% used [0x00000000d8e80000,0x00000000d8e80000,0x00000000d9380000)
 ParOldGen       total 84992K, used 0K [0x0000000084e00000, 0x000000008a100000, 0x00000000d6f80000)
  object space 84992K, 0% used [0x0000000084e00000,0x0000000084e00000,0x000000008a100000)
 Metaspace       used 13777K, capacity 14154K, committed 14208K, reserved 1060864K
  class space    used 1747K, capacity 1880K, committed 1920K, reserved 1048576K
Event: 1.283 GC heap after
Heap after GC invocations=1 (full 0):
 PSYoungGen      total 36864K, used 4091K [0x00000000d6f80000, 0x00000000d9880000, 0x0000000100000000)
  eden space 31744K, 0% used [0x00000000d6f80000,0x00000000d6f80000,0x00000000d8e80000)
  from space 5120K, 79% used [0x00000000d8e80000,0x00000000d927ee40,0x00000000d9380000)
  to   space 5120K, 0% used [0x00000000d9380000,0x00000000d9380000,0x00000000d9880000)
 ParOldGen       total 84992K, used 80K [0x0000000084e00000, 0x000000008a100000, 0x00000000d6f80000)
  object space 84992K, 0% used [0x0000000084e00000,0x0000000084e14010,0x000000008a100000)
 Metaspace       used 13777K, capacity 14154K, committed 14208K, reserved 1060864K
  class space    used 1747K, capacity 1880K, committed 1920K, reserved 1048576K
}
Event: 3.793 GC heap before
{Heap before GC invocations=2 (full 0):
 PSYoungGen      total 36864K, used 35835K [0x00000000d6f80000, 0x00000000d9880000, 0x0000000100000000)
  eden space 31744K, 100% used [0x00000000d6f80000,0x00000000d8e80000,0x00000000d8e80000)
  from space 5120K, 79% used [0x00000000d8e80000,0x00000000d927ee40,0x00000000d9380000)
  to   space 5120K, 0% used [0x00000000d9380000,0x00000000d9380000,0x00000000d9880000)
 ParOldGen       total 84992K, used 80K [0x0000000084e00000, 0x000000008a100000, 0x00000000d6f80000)
  object space 84992K, 0% used [0x0000000084e00000,0x0000000084e14010,0x000000008a100000)
 Metaspace       used 17886K, capacity 18414K, committed 18560K, reserved 1064960K
  class space    used 2251K, capacity 2396K, committed 2432K, reserved 1048576K
Event: 3.801 GC heap after
Heap after GC invocations=2 (full 0):
 PSYoungGen      total 36864K, used 5105K [0x00000000d6f80000, 0x00000000d9880000, 0x0000000100000000)
  eden space 31744K, 0% used [0x00000000d6f80000,0x00000000d6f80000,0x00000000d8e80000)
  from space 5120K, 99% used [0x00000000d9380000,0x00000000d987c450,0x00000000d9880000)
  to   space 5120K, 0% used [0x00000000d8e80000,0x00000000d8e80000,0x00000000d9380000)
 ParOldGen       total 84992K, used 5379K [0x0000000084e00000, 0x000000008a100000, 0x00000000d6f80000)
  object space 84992K, 6% used [0x0000000084e00000,0x0000000085340c98,0x000000008a100000)
 Metaspace       used 17886K, capacity 18414K, committed 18560K, reserved 1064960K
  class space    used 2251K, capacity 2396K, committed 2432K, reserved 1048576K
}
Event: 51.198 GC heap before
{Heap before GC invocations=3 (full 0):
 PSYoungGen      total 36864K, used 25758K [0x00000000d6f80000, 0x00000000d9880000, 0x0000000100000000)
  eden space 31744K, 65% used [0x00000000d6f80000,0x00000000d83ab5b8,0x00000000d8e80000)
  from space 5120K, 99% used [0x00000000d9380000,0x00000000d987c450,0x00000000d9880000)
  to   space 5120K, 0% used [0x00000000d8e80000,0x00000000d8e80000,0x00000000d9380000)
 ParOldGen       total 84992K, used 5379K [0x0000000084e00000, 0x000000008a100000, 0x00000000d6f80000)
  object space 84992K, 6% used [0x0000000084e00000,0x0000000085340c98,0x000000008a100000)
 Metaspace       used 20380K, capacity 21248K, committed 21296K, reserved 1067008K
  class space    used 2678K, capacity 2907K, committed 2944K, reserved 1048576K
Event: 51.206 GC heap after
Heap after GC invocations=3 (full 0):
 PSYoungGen      total 36864K, used 5115K [0x00000000d6f80000, 0x00000000d9880000, 0x0000000100000000)
  eden space 31744K, 0% used [0x00000000d6f80000,0x00000000d6f80000,0x00000000d8e80000)
  from space 5120K, 99% used [0x00000000d8e80000,0x00000000d937ed80,0x00000000d9380000)
  to   space 5120K, 0% used [0x00000000d9380000,0x00000000d9380000,0x00000000d9880000)
 ParOldGen       total 84992K, used 9452K [0x0000000084e00000, 0x000000008a100000, 0x00000000d6f80000)
  object space 84992K, 11% used [0x0000000084e00000,0x000000008573b298,0x000000008a100000)
 Metaspace       used 20380K, capacity 21248K, committed 21296K, reserved 1067008K
  class space    used 2678K, capacity 2907K, committed 2944K, reserved 1048576K
}
Event: 51.206 GC heap before
{Heap before GC invocations=4 (full 1):
 PSYoungGen      total 36864K, used 5115K [0x00000000d6f80000, 0x00000000d9880000, 0x0000000100000000)
  eden space 31744K, 0% used [0x00000000d6f80000,0x00000000d6f80000,0x00000000d8e80000)
  from space 5120K, 99% used [0x00000000d8e80000,0x00000000d937ed80,0x00000000d9380000)
  to   space 5120K, 0% used [0x00000000d9380000,0x00000000d9380000,0x00000000d9880000)
 ParOldGen       total 84992K, used 9452K [0x0000000084e00000, 0x000000008a100000, 0x00000000d6f80000)
  object space 84992K, 11% used [0x0000000084e00000,0x000000008573b298,0x000000008a100000)
 Metaspace       used 20380K, capacity 21248K, committed 21296K, reserved 1067008K
  class space    used 2678K, capacity 2907K, committed 2944K, reserved 1048576K
Event: 51.262 GC heap after
Heap after GC invocations=4 (full 1):
 PSYoungGen      total 36864K, used 0K [0x00000000d6f80000, 0x00000000d9880000, 0x0000000100000000)
  eden space 31744K, 0% used [0x00000000d6f80000,0x00000000d6f80000,0x00000000d8e80000)
  from space 5120K, 0% used [0x00000000d8e80000,0x00000000d8e80000,0x00000000d9380000)
  to   space 5120K, 0% used [0x00000000d9380000,0x00000000d9380000,0x00000000d9880000)
 ParOldGen       total 52736K, used 14264K [0x0000000084e00000, 0x0000000088180000, 0x00000000d6f80000)
  object space 52736K, 27% used [0x0000000084e00000,0x0000000085bee2d0,0x0000000088180000)
 Metaspace       used 20380K, capacity 21248K, committed 21296K, reserved 1067008K
  class space    used 2678K, capacity 2907K, committed 2944K, reserved 1048576K
}

