# JRE version: Java(TM) SE Runtime Environment (8.0_202-b08) (build 1.8.0_202-b08)
# Java VM: Java HotSpot(TM) 64-Bit Server VM (25.202-b08 mixed mode windows-amd64 compressed oops)
Heap:
 PSYoungGen      total 36864K, used 30150K [0x00000000d6f80000, 0x00000000d9880000, 0x0000000100000000)
  eden space 31744K, 94% used [0x00000000d6f80000,0x00000000d8cf1870,0x00000000d8e80000)
  from space 5120K, 0% used [0x00000000d8e80000,0x00000000d8e80000,0x00000000d9380000)
  to   space 5120K, 0% used [0x00000000d9380000,0x00000000d9380000,0x00000000d9880000)
 ParOldGen       total 52224K, used 12546K [0x0000000084e00000, 0x0000000088100000, 0x00000000d6f80000)
  object space 52224K, 24% used [0x0000000084e00000,0x0000000085a40ac0,0x0000000088100000)
 Metaspace       used 22439K, capacity 23512K, committed 23728K, reserved 1069056K
  class space    used 3008K, capacity 3244K, committed 3248K, reserved 1048576K
GC Heap History (8 events):
Event: 1.425 GC heap before
{Heap before GC invocations=1 (full 0):
 PSYoungGen      total 36864K, used 31744K [0x00000000d6f80000, 0x00000000d9880000, 0x0000000100000000)
  eden space 31744K, 100% used [0x00000000d6f80000,0x00000000d8e80000,0x00000000d8e80000)
  from space 5120K, 0% used [0x00000000d9380000,0x00000000d9380000,0x00000000d9880000)
  to   space 5120K, 0% used [0x00000000d8e80000,0x00000000d8e80000,0x00000000d9380000)
 ParOldGen       total 84992K, used 0K [0x0000000084e00000, 0x000000008a100000, 0x00000000d6f80000)
  object space 84992K, 0% used [0x0000000084e00000,0x0000000084e00000,0x000000008a100000)
 Metaspace       used 11619K, capacity 11986K, committed 12032K, reserved 1060864K
  class space    used 1421K, capacity 1535K, committed 1536K, reserved 1048576K
Event: 1.430 GC heap after
Heap after GC invocations=1 (full 0):
 PSYoungGen      total 36864K, used 3376K [0x00000000d6f80000, 0x00000000d9880000, 0x0000000100000000)
  eden space 31744K, 0% used [0x00000000d6f80000,0x00000000d6f80000,0x00000000d8e80000)
  from space 5120K, 65% used [0x00000000d8e80000,0x00000000d91cc030,0x00000000d9380000)
  to   space 5120K, 0% used [0x00000000d9380000,0x00000000d9380000,0x00000000d9880000)
 ParOldGen       total 84992K, used 80K [0x0000000084e00000, 0x000000008a100000, 0x00000000d6f80000)
  object space 84992K, 0% used [0x0000000084e00000,0x0000000084e14010,0x000000008a100000)
 Metaspace       used 11619K, capacity 11986K, committed 12032K, reserved 1060864K
  class space    used 1421K, capacity 1535K, committed 1536K, reserved 1048576K
}
Event: 4.523 GC heap before
{Heap before GC invocations=2 (full 0):
 PSYoungGen      total 36864K, used 35120K [0x00000000d6f80000, 0x00000000d9880000, 0x0000000100000000)
  eden space 31744K, 100% used [0x00000000d6f80000,0x00000000d8e80000,0x00000000d8e80000)
  from space 5120K, 65% used [0x00000000d8e80000,0x00000000d91cc030,0x00000000d9380000)
  to   space 5120K, 0% used [0x00000000d9380000,0x00000000d9380000,0x00000000d9880000)
 ParOldGen       total 84992K, used 80K [0x0000000084e00000, 0x000000008a100000, 0x00000000d6f80000)
  object space 84992K, 0% used [0x0000000084e00000,0x0000000084e14010,0x000000008a100000)
 Metaspace       used 16678K, capacity 17200K, committed 17280K, reserved 1064960K
  class space    used 2010K, capacity 2148K, committed 2176K, reserved 1048576K
Event: 4.530 GC heap after
Heap after GC invocations=2 (full 0):
 PSYoungGen      total 36864K, used 5089K [0x00000000d6f80000, 0x00000000d9880000, 0x0000000100000000)
  eden space 31744K, 0% used [0x00000000d6f80000,0x00000000d6f80000,0x00000000d8e80000)
  from space 5120K, 99% used [0x00000000d9380000,0x00000000d98784c0,0x00000000d9880000)
  to   space 5120K, 0% used [0x00000000d8e80000,0x00000000d8e80000,0x00000000d9380000)
 ParOldGen       total 84992K, used 2015K [0x0000000084e00000, 0x000000008a100000, 0x00000000d6f80000)
  object space 84992K, 2% used [0x0000000084e00000,0x0000000084ff7d78,0x000000008a100000)
 Metaspace       used 16678K, capacity 17200K, committed 17280K, reserved 1064960K
  class space    used 2010K, capacity 2148K, committed 2176K, reserved 1048576K
}
Event: 9.067 GC heap before
{Heap before GC invocations=3 (full 0):
 PSYoungGen      total 36864K, used 34173K [0x00000000d6f80000, 0x00000000d9880000, 0x0000000100000000)
  eden space 31744K, 91% used [0x00000000d6f80000,0x00000000d8be7298,0x00000000d8e80000)
  from space 5120K, 99% used [0x00000000d9380000,0x00000000d98784c0,0x00000000d9880000)
  to   space 5120K, 0% used [0x00000000d8e80000,0x00000000d8e80000,0x00000000d9380000)
 ParOldGen       total 84992K, used 2015K [0x0000000084e00000, 0x000000008a100000, 0x00000000d6f80000)
  object space 84992K, 2% used [0x0000000084e00000,0x0000000084ff7d78,0x000000008a100000)
 Metaspace       used 20528K, capacity 21252K, committed 21296K, reserved 1067008K
  class space    used 2631K, capacity 2822K, committed 2864K, reserved 1048576K
Event: 9.080 GC heap after
Heap after GC invocations=3 (full 0):
 PSYoungGen      total 36864K, used 5116K [0x00000000d6f80000, 0x00000000d9880000, 0x0000000100000000)
  eden space 31744K, 0% used [0x00000000d6f80000,0x00000000d6f80000,0x00000000d8e80000)
  from space 5120K, 99% used [0x00000000d8e80000,0x00000000d937f300,0x00000000d9380000)
  to   space 5120K, 0% used [0x00000000d9380000,0x00000000d9380000,0x00000000d9880000)
 ParOldGen       total 84992K, used 8996K [0x0000000084e00000, 0x000000008a100000, 0x00000000d6f80000)
  object space 84992K, 10% used [0x0000000084e00000,0x00000000856c9110,0x000000008a100000)
 Metaspace       used 20528K, capacity 21252K, committed 21296K, reserved 1067008K
  class space    used 2631K, capacity 2822K, committed 2864K, reserved 1048576K
}
Event: 9.080 GC heap before
{Heap before GC invocations=4 (full 1):
 PSYoungGen      total 36864K, used 5116K [0x00000000d6f80000, 0x00000000d9880000, 0x0000000100000000)
  eden space 31744K, 0% used [0x00000000d6f80000,0x00000000d6f80000,0x00000000d8e80000)
  from space 5120K, 99% used [0x00000000d8e80000,0x00000000d937f300,0x00000000d9380000)
  to   space 5120K, 0% used [0x00000000d9380000,0x00000000d9380000,0x00000000d9880000)
 ParOldGen       total 84992K, used 8996K [0x0000000084e00000, 0x000000008a100000, 0x00000000d6f80000)
  object space 84992K, 10% used [0x0000000084e00000,0x00000000856c9110,0x000000008a100000)
 Metaspace       used 20528K, capacity 21252K, committed 21296K, reserved 1067008K
  class space    used 2631K, capacity 2822K, committed 2864K, reserved 1048576K
Event: 9.126 GC heap after
Heap after GC invocations=4 (full 1):
 PSYoungGen      total 36864K, used 0K [0x00000000d6f80000, 0x00000000d9880000, 0x0000000100000000)
  eden space 31744K, 0% used [0x00000000d6f80000,0x00000000d6f80000,0x00000000d8e80000)
  from space 5120K, 0% used [0x00000000d8e80000,0x00000000d8e80000,0x00000000d9380000)
  to   space 5120K, 0% used [0x00000000d9380000,0x00000000d9380000,0x00000000d9880000)
 ParOldGen       total 52224K, used 12546K [0x0000000084e00000, 0x0000000088100000, 0x00000000d6f80000)
  object space 52224K, 24% used [0x0000000084e00000,0x0000000085a40ac0,0x0000000088100000)
 Metaspace       used 20528K, capacity 21252K, committed 21296K, reserved 1067008K
  class space    used 2631K, capacity 2822K, committed 2864K, reserved 1048576K
}

